<?xml version="1.0" encoding="UTF-8"?>
<testng-results skipped="0" failed="0" total="1" passed="1">
  <reporter-output>
  </reporter-output>
  <suite name="Default suite" duration-ms="12432" started-at="2021-08-04T17:46:13Z" finished-at="2021-08-04T17:46:25Z">
    <groups>
    </groups>
    <test name="Default test" duration-ms="12432" started-at="2021-08-04T17:46:13Z" finished-at="2021-08-04T17:46:25Z">
      <class name="RDemoWebShop.TestNG">
        <test-method status="PASS" signature="browser()[pri:0, instance:RDemoWebShop.TestNG@e45f292]" name="browser" is-config="true" duration-ms="10145" started-at="2021-08-04T23:16:02Z" finished-at="2021-08-04T23:16:13Z">
          <reporter-output>
          </reporter-output>
        </test-method> <!-- browser -->
        <test-method status="PASS" signature="maximizebrowser()[pri:0, instance:RDemoWebShop.TestNG@e45f292]" name="maximizebrowser" is-config="true" duration-ms="6450" started-at="2021-08-04T23:16:13Z" finished-at="2021-08-04T23:16:19Z">
          <reporter-output>
          </reporter-output>
        </test-method> <!-- maximizebrowser -->
        <test-method status="PASS" signature="getCookies()[pri:0, instance:RDemoWebShop.TestNG@e45f292]" name="getCookies" is-config="true" duration-ms="235" started-at="2021-08-04T23:16:19Z" finished-at="2021-08-04T23:16:19Z">
          <reporter-output>
          </reporter-output>
        </test-method> <!-- getCookies -->
        <test-method status="PASS" signature="m1()[pri:0, instance:RDemoWebShop.TestNG@e45f292]" name="m1" duration-ms="4627" started-at="2021-08-04T23:16:19Z" finished-at="2021-08-04T23:16:24Z">
          <reporter-output>
          </reporter-output>
        </test-method> <!-- m1 -->
        <test-method status="PASS" signature="capturescreenshot()[pri:0, instance:RDemoWebShop.TestNG@e45f292]" name="capturescreenshot" is-config="true" duration-ms="854" started-at="2021-08-04T23:16:24Z" finished-at="2021-08-04T23:16:25Z">
          <reporter-output>
          </reporter-output>
        </test-method> <!-- capturescreenshot -->
        <test-method status="PASS" signature="deletecookie()[pri:0, instance:RDemoWebShop.TestNG@e45f292]" name="deletecookie" is-config="true" duration-ms="28" started-at="2021-08-04T23:16:25Z" finished-at="2021-08-04T23:16:25Z">
          <reporter-output>
          </reporter-output>
        </test-method> <!-- deletecookie -->
        <test-method status="PASS" signature="conclose()[pri:0, instance:RDemoWebShop.TestNG@e45f292]" name="conclose" is-config="true" duration-ms="0" started-at="2021-08-04T23:16:25Z" finished-at="2021-08-04T23:16:25Z">
          <reporter-output>
          </reporter-output>
        </test-method> <!-- conclose -->
        <test-method status="PASS" signature="closedriver()[pri:0, instance:RDemoWebShop.TestNG@e45f292]" name="closedriver" is-config="true" duration-ms="1501" started-at="2021-08-04T23:16:25Z" finished-at="2021-08-04T23:16:27Z">
          <reporter-output>
          </reporter-output>
        </test-method> <!-- closedriver -->
      </class> <!-- RDemoWebShop.TestNG -->
    </test> <!-- Default test -->
  </suite> <!-- Default suite -->
</testng-results>
